<?xml version="1.0" encoding="utf-8"?>
<shfbBuild product="Sandcastle Help File Builder and Tools" version="2016.9.17.0" projectFile="C:\Users\Tomás\Desktop\Proyecto Navaja Valirya\NavajaValirya\NavajaValiryaDocumentacion\NavajaValiryaDocumentacion.shfbproj" started="07/03/2017 9:37:58">
<buildStep step="Initializing">
Finding tools...
The Sandcastle tools are located in &#39;C:\Program Files (x86)\EWSoftware\Sandcastle Help File Builder\&#39;
Searching for HTML Help 1 compiler...
Found HTML Help 1 compiler in &#39;C:\Program Files (x86)\HTML Help Workshop\&#39;
Locating components in the following folder(s):
    C:\Users\Tom&#225;s\Desktop\Proyecto Navaja Valirya\NavajaValirya\NavajaValiryaDocumentacion
    C:\ProgramData\EWSoftware\Sandcastle Help File Builder\Components and Plug-Ins\
    C:\Program Files (x86)\EWSoftware\Sandcastle Help File Builder\
Using framework reflection data for &#39;.NET Framework 4.5&#39; located in &#39;C:\Program Files (x86)\EWSoftware\Sandcastle Help File Builder\Data\.NETFramework&#39;
Using presentation style &#39;VS2013&#39; located in &#39;C:\Program Files (x86)\EWSoftware\Sandcastle Help File Builder\PresentationStyles\VS2013&#39;
Loading and initializing plug-ins...
Lightweight Website Style Version 2016.9.17.0
Copyright &#169; 2006-2016, Eric Woodruff, All Rights Reserved
Portions Copyright &#169; 2014, Sam Harwell, All Rights Reserved
</buildStep>
<buildStep step="ValidatingDocumentationSources">
Validating and copying documentation source information
Source: C:\Users\Tom&#225;s\Desktop\Proyecto Navaja Valirya\NavajaValirya\NavajaValirya\bin\Debug\NavajaValirya.XML
Source: C:\Users\Tom&#225;s\Desktop\Proyecto Navaja Valirya\NavajaValirya\NavajaValirya\bin\Debug\NavajaValirya.exe
    Found assembly &#39;C:\Users\Tom&#225;s\Desktop\Proyecto Navaja Valirya\NavajaValirya\NavajaValirya\bin\Debug\NavajaValirya.exe&#39;

Copying XML comments files
    C:\Users\Tom&#225;s\Desktop\Proyecto Navaja Valirya\NavajaValirya\NavajaValirya\bin\Debug\NavajaValirya.XML -&gt; C:\Users\Tom&#225;s\Desktop\Proyecto Navaja Valirya\NavajaValirya\NavajaValiryaDocumentacion\Help\Working\NavajaValirya.XML
</buildStep>
<buildStep step="GenerateSharedContent">
Generating shared content files (es-ES, Espa&#241;ol (Espa&#241;a))...
<plugIn name="Lightweight Website Style" behavior="After" priority="1000">
</plugIn>    Last step completed in 00:00:00,0313
</buildStep>
<buildStep step="GenerateApiFilter">
Generating API filter for MRefBuilder...
    Last step completed in 00:00:00,0156
</buildStep>
<buildStep step="GenerateReflectionInfo">
Generating reflection information...
[C:\Program Files (x86)\MSBuild\14.0\bin\MSBuild.exe - GenerateRefInfo.proj]
Compilaci&#162;n iniciada a las 07/03/2017 9:38:01.
Proyecto &quot;C:\Users\Tom&#160;s\Desktop\Proyecto Navaja Valirya\NavajaValirya\NavajaValiryaDocumentacion\Help\Working\GenerateRefInfo.proj&quot; en nodo 1 (destinos predeterminados).
PrepareForBuild:
  Creando directorio &quot;obj\Debug\&quot;.
GenerateRefInfo:
  MRefBuilder (v2016.9.17.0)
  Copyright &#184; 2006-2016, Microsoft Corporation, All Rights Reserved.
  Portions Copyright &#184; 2006-2016, Eric Woodruff, All Rights Reserved.
  No source code context base path specified.  Source context information is unavailable.
  Loaded 1 assemblies for reflection and 1 dependency assemblies.
  Wrote information on 5 namespaces, 5 types, and 28 members
  Copiando el archivo de &quot;reflection.org&quot; en &quot;reflection.all&quot;.
  XslTransform (v2016.9.17.0)
  Copyright &#184; 2006-2016, Microsoft Corporation, All Rights Reserved.
  Portions Copyright &#184; 2006-2016, Eric Woodruff, All Rights Reserved.
  Applying XSL transformation &#39;C:\Program Files (x86)\EWSoftware\Sandcastle Help File Builder\ProductionTransforms\MergeDuplicates.xsl&#39;.
Compilaci&#162;n del proyecto terminada &quot;C:\Users\Tom&#160;s\Desktop\Proyecto Navaja Valirya\NavajaValirya\NavajaValiryaDocumentacion\Help\Working\GenerateRefInfo.proj&quot; (destinos predeterminados).

Compilaci&#162;n correcta.

Tiempo transcurrido 00:00:01.85
    Last step completed in 00:00:02,2849
</buildStep>
<buildStep step="TransformReflectionInfo">
Transforming reflection output...
[C:\Program Files (x86)\MSBuild\14.0\bin\MSBuild.exe - TransformManifest.proj]
Compilaci&#162;n iniciada a las 07/03/2017 9:38:03.
Proyecto &quot;C:\Users\Tom&#160;s\Desktop\Proyecto Navaja Valirya\NavajaValirya\NavajaValiryaDocumentacion\Help\Working\TransformManifest.proj&quot; en nodo 1 (destinos predeterminados).
TransformManifest:
  XslTransform (v2016.9.17.0)
  Copyright &#184; 2006-2016, Microsoft Corporation, All Rights Reserved.
  Portions Copyright &#184; 2006-2016, Eric Woodruff, All Rights Reserved.
  Applying XSL transformation &#39;C:\Program Files (x86)\EWSoftware\Sandcastle Help File Builder\\ProductionTransforms\ApplyVSDocModel.xsl&#39;.
  Copiando el archivo de &quot;reflection.xml&quot; en &quot;reflection.nofilenames&quot;.
  XslTransform (v2016.9.17.0)
  Copyright &#184; 2006-2016, Microsoft Corporation, All Rights Reserved.
  Portions Copyright &#184; 2006-2016, Eric Woodruff, All Rights Reserved.
  Applying XSL transformation &#39;C:\Program Files (x86)\EWSoftware\Sandcastle Help File Builder\ProductionTransforms\AddFilenames.xsl&#39;.
  XslTransform (v2016.9.17.0)
  Copyright &#184; 2006-2016, Microsoft Corporation, All Rights Reserved.
  Portions Copyright &#184; 2006-2016, Eric Woodruff, All Rights Reserved.
  Applying XSL transformation &#39;C:\Program Files (x86)\EWSoftware\Sandcastle Help File Builder\ProductionTransforms\ReflectionToManifest.xsl&#39;.
Compilaci&#162;n del proyecto terminada &quot;C:\Users\Tom&#160;s\Desktop\Proyecto Navaja Valirya\NavajaValirya\NavajaValiryaDocumentacion\Help\Working\TransformManifest.proj&quot; (destinos predeterminados).

Compilaci&#162;n correcta.

Tiempo transcurrido 00:00:01.09
    Last step completed in 00:00:01,5295
</buildStep>
<buildStep step="GenerateNamespaceSummaries">
Generating namespace summary information...
    Last step completed in 00:00:00,0469
</buildStep>
<buildStep step="CopyConceptualContent">
Copying conceptual content...
Copying standard token shared content file...
Checking for other token files...
Checking for code snippets files...
Copying images and creating the media map file...
Generating conceptual topic files
    Parsing topic file &#39;C:\Users\Tom&#225;s\Desktop\Proyecto Navaja Valirya\NavajaValirya\NavajaValiryaDocumentacion\Content\Welcome.aml&#39;
    C:\Users\Tom&#225;s\Desktop\Proyecto Navaja Valirya\NavajaValirya\NavajaValiryaDocumentacion\Content\Welcome.aml -&gt; C:\Users\Tom&#225;s\Desktop\Proyecto Navaja Valirya\NavajaValirya\NavajaValiryaDocumentacion\Help\Working\ddueXml\16747bfa-3ec4-4be2-a2ea-23359d332da9.xml
    Parsing topic file &#39;C:\Users\Tom&#225;s\Desktop\Proyecto Navaja Valirya\NavajaValirya\NavajaValiryaDocumentacion\Content\VersionHistory\VersionHistory.aml&#39;
    C:\Users\Tom&#225;s\Desktop\Proyecto Navaja Valirya\NavajaValirya\NavajaValiryaDocumentacion\Content\VersionHistory\VersionHistory.aml -&gt; C:\Users\Tom&#225;s\Desktop\Proyecto Navaja Valirya\NavajaValirya\NavajaValiryaDocumentacion\Help\Working\ddueXml\da57766b-e54b-41a0-8910-47639ac46f9d.xml
    Parsing topic file &#39;C:\Users\Tom&#225;s\Desktop\Proyecto Navaja Valirya\NavajaValirya\NavajaValiryaDocumentacion\Content\VersionHistory\v1.0.0.0.aml&#39;
    C:\Users\Tom&#225;s\Desktop\Proyecto Navaja Valirya\NavajaValirya\NavajaValiryaDocumentacion\Content\VersionHistory\v1.0.0.0.aml -&gt; C:\Users\Tom&#225;s\Desktop\Proyecto Navaja Valirya\NavajaValirya\NavajaValiryaDocumentacion\Help\Working\ddueXml\c0b1d81e-0756-4727-a1e8-b8efdbc8d17b.xml
    Last step completed in 00:00:00,2813
</buildStep>
<buildStep step="CreateConceptualTopicConfigs">
Creating conceptual topic configuration files...
    Companion files
    _ContentMetadata_.xml
    Merging topic IDs into manifest.xml
    Last step completed in 00:00:00,0469
</buildStep>
<buildStep step="CopyAdditionalContent">
Copying additional content files...
C:\Users\Tom&#225;s\Desktop\Proyecto Navaja Valirya\NavajaValirya\NavajaValiryaDocumentacion\icons\Help.png -&gt; C:\Users\Tom&#225;s\Desktop\Proyecto Navaja Valirya\NavajaValirya\NavajaValiryaDocumentacion\Help\Working\Output\HtmlHelp1\icons\Help.png
    Last step completed in 00:00:00,0425
</buildStep>
<buildStep step="MergeTablesOfContents">
Merging conceptual and additional tables of contents...
    Last step completed in 00:00:00,0132
</buildStep>
<buildStep step="GenerateIntermediateTableOfContents">
Generating intermediate table of contents file...
[C:\Program Files (x86)\MSBuild\14.0\bin\MSBuild.exe - GenerateIntermediateTOC.proj]
Compilaci&#162;n iniciada a las 07/03/2017 9:38:05.
Proyecto &quot;C:\Users\Tom&#160;s\Desktop\Proyecto Navaja Valirya\NavajaValirya\NavajaValiryaDocumentacion\Help\Working\GenerateIntermediateTOC.proj&quot; en nodo 1 (destinos predeterminados).
GenerateIntermediateTOC:
  XslTransform (v2016.9.17.0)
  Copyright &#184; 2006-2016, Microsoft Corporation, All Rights Reserved.
  Portions Copyright &#184; 2006-2016, Eric Woodruff, All Rights Reserved.
  Applying XSL transformation &#39;C:\Program Files (x86)\EWSoftware\Sandcastle Help File Builder\\ProductionTransforms\CreateVSToc.xsl&#39;.
Compilaci&#162;n del proyecto terminada &quot;C:\Users\Tom&#160;s\Desktop\Proyecto Navaja Valirya\NavajaValirya\NavajaValiryaDocumentacion\Help\Working\GenerateIntermediateTOC.proj&quot; (destinos predeterminados).

Compilaci&#162;n correcta.

Tiempo transcurrido 00:00:00.37
Generating conceptual content intermediate TOC file...
    Last step completed in 00:00:00,8635
</buildStep>
<buildStep step="CreateBuildAssemblerConfigs">
Creating Sandcastle configuration files...
    sandcastle.config
    Last step completed in 00:00:00,9531
</buildStep>
<buildStep step="MergeCustomConfigs">
Merging custom build component configurations
C:\Users\Tom&#225;s\Desktop\Proyecto Navaja Valirya\NavajaValirya\NavajaValiryaDocumentacion\Help\Working\sandcastle.config
  Updating reference topic configurations.
  Updating conceptual topic configurations.
    Removing unused ExampleComponent.
    Last step completed in 00:00:00,0313
</buildStep>
<buildStep step="BuildTopics">
Building help topics...
[C:\Program Files (x86)\MSBuild\14.0\bin\MSBuild.exe - BuildTopics.proj]
Compilaci&#162;n iniciada a las 07/03/2017 9:38:07.
Proyecto &quot;C:\Users\Tom&#160;s\Desktop\Proyecto Navaja Valirya\NavajaValirya\NavajaValiryaDocumentacion\Help\Working\BuildTopics.proj&quot; en nodo 1 (destinos predeterminados).
BuildTopics:
  BuildAssembler (v2016.9.17.0)
  Copyright &#184; 2006-2016, Microsoft Corporation, All Rights Reserved.
  Portions Copyright &#184; 2006-2016, Eric Woodruff, All Rights Reserved.
  Loading configuration...
  Processing topics...
  Processed 47 topic(s)
  CopyFromIndexComponent: &quot;metadata&quot; in-memory cache entries used: 1 of 15.
  ResolveArtLinksComponent: Copying media files...
  CopyFromIndexComponent: &quot;reflection&quot; in-memory cache entries used: 3 of 15.
  CopyFromIndexComponent: &quot;comments&quot; in-memory cache entries used: 2 of 30.
Compilaci&#162;n del proyecto terminada &quot;C:\Users\Tom&#160;s\Desktop\Proyecto Navaja Valirya\NavajaValirya\NavajaValiryaDocumentacion\Help\Working\BuildTopics.proj&quot; (destinos predeterminados).

Compilaci&#162;n correcta.

Tiempo transcurrido 00:00:35.15
    Last step completed in 00:00:35,7014
</buildStep>
<buildStep step="CombiningIntermediateTocFiles">
Combining conceptual and API intermediate TOC files...
    Last step completed in 00:00:00,0156
</buildStep>
<buildStep step="ExtractingHtmlInfo">
Extracting HTML info for HTML Help 1 and/or website...
[C:\Program Files (x86)\MSBuild\14.0\bin\MSBuild.exe - ExtractHtmlInfo.proj]
Sandcastle Help File Builder and Tools, version 2016.9.17.0
Copyright &#184; 2006-2016, Eric Woodruff, All Rights Reserved
E-Mail: Eric@EWoodruff.us

Using LCID &#39;3082&#39;, code page &#39;65001&#39;, encoding charset &#39;UTF-8&#39;.

Processing Help 1 files in C:\Users\Tom&#160;s\Desktop\Proyecto Navaja Valirya\NavajaValirya\NavajaValiryaDocumentacion\Help\Working\Output\HtmlHelp1
Processed 47 HTML files
Sorting keywords and generating See Also indices
Saving HTML Help 1 keyword index to C:\Users\Tom&#160;s\Desktop\Proyecto Navaja Valirya\NavajaValirya\NavajaValiryaDocumentacion\Help\Working\NavajaValiryaDocumentacion.hhk
Saving HTML Help 1 table of contents to C:\Users\Tom&#160;s\Desktop\Proyecto Navaja Valirya\NavajaValirya\NavajaValiryaDocumentacion\Help\Working\NavajaValiryaDocumentacion.hhc
    Last step completed in 00:00:00,9688
</buildStep>
<buildStep step="CopyStandardHelpContent">
Copying standard help content...
C:\Program Files (x86)\EWSoftware\Sandcastle Help File Builder\PresentationStyles\VS2013\icons\AlertCaution.png -&gt; C:\Users\Tom&#225;s\Desktop\Proyecto Navaja Valirya\NavajaValirya\NavajaValiryaDocumentacion\Help\Working\Output\HtmlHelp1\icons\AlertCaution.png
C:\Program Files (x86)\EWSoftware\Sandcastle Help File Builder\PresentationStyles\VS2013\icons\AlertNote.png -&gt; C:\Users\Tom&#225;s\Desktop\Proyecto Navaja Valirya\NavajaValirya\NavajaValiryaDocumentacion\Help\Working\Output\HtmlHelp1\icons\AlertNote.png
C:\Program Files (x86)\EWSoftware\Sandcastle Help File Builder\PresentationStyles\VS2013\icons\AlertSecurity.png -&gt; C:\Users\Tom&#225;s\Desktop\Proyecto Navaja Valirya\NavajaValirya\NavajaValiryaDocumentacion\Help\Working\Output\HtmlHelp1\icons\AlertSecurity.png
C:\Program Files (x86)\EWSoftware\Sandcastle Help File Builder\PresentationStyles\VS2013\icons\CFW.gif -&gt; C:\Users\Tom&#225;s\Desktop\Proyecto Navaja Valirya\NavajaValirya\NavajaValiryaDocumentacion\Help\Working\Output\HtmlHelp1\icons\CFW.gif
C:\Program Files (x86)\EWSoftware\Sandcastle Help File Builder\PresentationStyles\VS2013\icons\CodeExample.png -&gt; C:\Users\Tom&#225;s\Desktop\Proyecto Navaja Valirya\NavajaValirya\NavajaValiryaDocumentacion\Help\Working\Output\HtmlHelp1\icons\CodeExample.png
C:\Program Files (x86)\EWSoftware\Sandcastle Help File Builder\PresentationStyles\VS2013\icons\favicon.ico -&gt; C:\Users\Tom&#225;s\Desktop\Proyecto Navaja Valirya\NavajaValirya\NavajaValiryaDocumentacion\Help\Working\Output\HtmlHelp1\icons\favicon.ico
C:\Program Files (x86)\EWSoftware\Sandcastle Help File Builder\PresentationStyles\VS2013\icons\privclass.gif -&gt; C:\Users\Tom&#225;s\Desktop\Proyecto Navaja Valirya\NavajaValirya\NavajaValiryaDocumentacion\Help\Working\Output\HtmlHelp1\icons\privclass.gif
C:\Program Files (x86)\EWSoftware\Sandcastle Help File Builder\PresentationStyles\VS2013\icons\privdelegate.gif -&gt; C:\Users\Tom&#225;s\Desktop\Proyecto Navaja Valirya\NavajaValirya\NavajaValiryaDocumentacion\Help\Working\Output\HtmlHelp1\icons\privdelegate.gif
C:\Program Files (x86)\EWSoftware\Sandcastle Help File Builder\PresentationStyles\VS2013\icons\privenumeration.gif -&gt; C:\Users\Tom&#225;s\Desktop\Proyecto Navaja Valirya\NavajaValirya\NavajaValiryaDocumentacion\Help\Working\Output\HtmlHelp1\icons\privenumeration.gif
C:\Program Files (x86)\EWSoftware\Sandcastle Help File Builder\PresentationStyles\VS2013\icons\privevent.gif -&gt; C:\Users\Tom&#225;s\Desktop\Proyecto Navaja Valirya\NavajaValirya\NavajaValiryaDocumentacion\Help\Working\Output\HtmlHelp1\icons\privevent.gif
C:\Program Files (x86)\EWSoftware\Sandcastle Help File Builder\PresentationStyles\VS2013\icons\privextension.gif -&gt; C:\Users\Tom&#225;s\Desktop\Proyecto Navaja Valirya\NavajaValirya\NavajaValiryaDocumentacion\Help\Working\Output\HtmlHelp1\icons\privextension.gif
C:\Program Files (x86)\EWSoftware\Sandcastle Help File Builder\PresentationStyles\VS2013\icons\privfield.gif -&gt; C:\Users\Tom&#225;s\Desktop\Proyecto Navaja Valirya\NavajaValirya\NavajaValiryaDocumentacion\Help\Working\Output\HtmlHelp1\icons\privfield.gif
C:\Program Files (x86)\EWSoftware\Sandcastle Help File Builder\PresentationStyles\VS2013\icons\privinterface.gif -&gt; C:\Users\Tom&#225;s\Desktop\Proyecto Navaja Valirya\NavajaValirya\NavajaValiryaDocumentacion\Help\Working\Output\HtmlHelp1\icons\privinterface.gif
C:\Program Files (x86)\EWSoftware\Sandcastle Help File Builder\PresentationStyles\VS2013\icons\privmethod.gif -&gt; C:\Users\Tom&#225;s\Desktop\Proyecto Navaja Valirya\NavajaValirya\NavajaValiryaDocumentacion\Help\Working\Output\HtmlHelp1\icons\privmethod.gif
C:\Program Files (x86)\EWSoftware\Sandcastle Help File Builder\PresentationStyles\VS2013\icons\privproperty.gif -&gt; C:\Users\Tom&#225;s\Desktop\Proyecto Navaja Valirya\NavajaValirya\NavajaValiryaDocumentacion\Help\Working\Output\HtmlHelp1\icons\privproperty.gif
C:\Program Files (x86)\EWSoftware\Sandcastle Help File Builder\PresentationStyles\VS2013\icons\privstructure.gif -&gt; C:\Users\Tom&#225;s\Desktop\Proyecto Navaja Valirya\NavajaValirya\NavajaValiryaDocumentacion\Help\Working\Output\HtmlHelp1\icons\privstructure.gif
C:\Program Files (x86)\EWSoftware\Sandcastle Help File Builder\PresentationStyles\VS2013\icons\protclass.gif -&gt; C:\Users\Tom&#225;s\Desktop\Proyecto Navaja Valirya\NavajaValirya\NavajaValiryaDocumentacion\Help\Working\Output\HtmlHelp1\icons\protclass.gif
C:\Program Files (x86)\EWSoftware\Sandcastle Help File Builder\PresentationStyles\VS2013\icons\protdelegate.gif -&gt; C:\Users\Tom&#225;s\Desktop\Proyecto Navaja Valirya\NavajaValirya\NavajaValiryaDocumentacion\Help\Working\Output\HtmlHelp1\icons\protdelegate.gif
C:\Program Files (x86)\EWSoftware\Sandcastle Help File Builder\PresentationStyles\VS2013\icons\protenumeration.gif -&gt; C:\Users\Tom&#225;s\Desktop\Proyecto Navaja Valirya\NavajaValirya\NavajaValiryaDocumentacion\Help\Working\Output\HtmlHelp1\icons\protenumeration.gif
C:\Program Files (x86)\EWSoftware\Sandcastle Help File Builder\PresentationStyles\VS2013\icons\protevent.gif -&gt; C:\Users\Tom&#225;s\Desktop\Proyecto Navaja Valirya\NavajaValirya\NavajaValiryaDocumentacion\Help\Working\Output\HtmlHelp1\icons\protevent.gif
C:\Program Files (x86)\EWSoftware\Sandcastle Help File Builder\PresentationStyles\VS2013\icons\protextension.gif -&gt; C:\Users\Tom&#225;s\Desktop\Proyecto Navaja Valirya\NavajaValirya\NavajaValiryaDocumentacion\Help\Working\Output\HtmlHelp1\icons\protextension.gif
C:\Program Files (x86)\EWSoftware\Sandcastle Help File Builder\PresentationStyles\VS2013\icons\protfield.gif -&gt; C:\Users\Tom&#225;s\Desktop\Proyecto Navaja Valirya\NavajaValirya\NavajaValiryaDocumentacion\Help\Working\Output\HtmlHelp1\icons\protfield.gif
C:\Program Files (x86)\EWSoftware\Sandcastle Help File Builder\PresentationStyles\VS2013\icons\protinterface.gif -&gt; C:\Users\Tom&#225;s\Desktop\Proyecto Navaja Valirya\NavajaValirya\NavajaValiryaDocumentacion\Help\Working\Output\HtmlHelp1\icons\protinterface.gif
C:\Program Files (x86)\EWSoftware\Sandcastle Help File Builder\PresentationStyles\VS2013\icons\protmethod.gif -&gt; C:\Users\Tom&#225;s\Desktop\Proyecto Navaja Valirya\NavajaValirya\NavajaValiryaDocumentacion\Help\Working\Output\HtmlHelp1\icons\protmethod.gif
C:\Program Files (x86)\EWSoftware\Sandcastle Help File Builder\PresentationStyles\VS2013\icons\protoperator.gif -&gt; C:\Users\Tom&#225;s\Desktop\Proyecto Navaja Valirya\NavajaValirya\NavajaValiryaDocumentacion\Help\Working\Output\HtmlHelp1\icons\protoperator.gif
C:\Program Files (x86)\EWSoftware\Sandcastle Help File Builder\PresentationStyles\VS2013\icons\protproperty.gif -&gt; C:\Users\Tom&#225;s\Desktop\Proyecto Navaja Valirya\NavajaValirya\NavajaValiryaDocumentacion\Help\Working\Output\HtmlHelp1\icons\protproperty.gif
C:\Program Files (x86)\EWSoftware\Sandcastle Help File Builder\PresentationStyles\VS2013\icons\protstructure.gif -&gt; C:\Users\Tom&#225;s\Desktop\Proyecto Navaja Valirya\NavajaValirya\NavajaValiryaDocumentacion\Help\Working\Output\HtmlHelp1\icons\protstructure.gif
C:\Program Files (x86)\EWSoftware\Sandcastle Help File Builder\PresentationStyles\VS2013\icons\pubclass.gif -&gt; C:\Users\Tom&#225;s\Desktop\Proyecto Navaja Valirya\NavajaValirya\NavajaValiryaDocumentacion\Help\Working\Output\HtmlHelp1\icons\pubclass.gif
C:\Program Files (x86)\EWSoftware\Sandcastle Help File Builder\PresentationStyles\VS2013\icons\pubdelegate.gif -&gt; C:\Users\Tom&#225;s\Desktop\Proyecto Navaja Valirya\NavajaValirya\NavajaValiryaDocumentacion\Help\Working\Output\HtmlHelp1\icons\pubdelegate.gif
C:\Program Files (x86)\EWSoftware\Sandcastle Help File Builder\PresentationStyles\VS2013\icons\pubenumeration.gif -&gt; C:\Users\Tom&#225;s\Desktop\Proyecto Navaja Valirya\NavajaValirya\NavajaValiryaDocumentacion\Help\Working\Output\HtmlHelp1\icons\pubenumeration.gif
C:\Program Files (x86)\EWSoftware\Sandcastle Help File Builder\PresentationStyles\VS2013\icons\pubevent.gif -&gt; C:\Users\Tom&#225;s\Desktop\Proyecto Navaja Valirya\NavajaValirya\NavajaValiryaDocumentacion\Help\Working\Output\HtmlHelp1\icons\pubevent.gif
C:\Program Files (x86)\EWSoftware\Sandcastle Help File Builder\PresentationStyles\VS2013\icons\pubextension.gif -&gt; C:\Users\Tom&#225;s\Desktop\Proyecto Navaja Valirya\NavajaValirya\NavajaValiryaDocumentacion\Help\Working\Output\HtmlHelp1\icons\pubextension.gif
C:\Program Files (x86)\EWSoftware\Sandcastle Help File Builder\PresentationStyles\VS2013\icons\pubfield.gif -&gt; C:\Users\Tom&#225;s\Desktop\Proyecto Navaja Valirya\NavajaValirya\NavajaValiryaDocumentacion\Help\Working\Output\HtmlHelp1\icons\pubfield.gif
C:\Program Files (x86)\EWSoftware\Sandcastle Help File Builder\PresentationStyles\VS2013\icons\pubinterface.gif -&gt; C:\Users\Tom&#225;s\Desktop\Proyecto Navaja Valirya\NavajaValirya\NavajaValiryaDocumentacion\Help\Working\Output\HtmlHelp1\icons\pubinterface.gif
C:\Program Files (x86)\EWSoftware\Sandcastle Help File Builder\PresentationStyles\VS2013\icons\pubmethod.gif -&gt; C:\Users\Tom&#225;s\Desktop\Proyecto Navaja Valirya\NavajaValirya\NavajaValiryaDocumentacion\Help\Working\Output\HtmlHelp1\icons\pubmethod.gif
C:\Program Files (x86)\EWSoftware\Sandcastle Help File Builder\PresentationStyles\VS2013\icons\puboperator.gif -&gt; C:\Users\Tom&#225;s\Desktop\Proyecto Navaja Valirya\NavajaValirya\NavajaValiryaDocumentacion\Help\Working\Output\HtmlHelp1\icons\puboperator.gif
C:\Program Files (x86)\EWSoftware\Sandcastle Help File Builder\PresentationStyles\VS2013\icons\pubproperty.gif -&gt; C:\Users\Tom&#225;s\Desktop\Proyecto Navaja Valirya\NavajaValirya\NavajaValiryaDocumentacion\Help\Working\Output\HtmlHelp1\icons\pubproperty.gif
C:\Program Files (x86)\EWSoftware\Sandcastle Help File Builder\PresentationStyles\VS2013\icons\pubstructure.gif -&gt; C:\Users\Tom&#225;s\Desktop\Proyecto Navaja Valirya\NavajaValirya\NavajaValiryaDocumentacion\Help\Working\Output\HtmlHelp1\icons\pubstructure.gif
C:\Program Files (x86)\EWSoftware\Sandcastle Help File Builder\PresentationStyles\VS2013\icons\SectionCollapsed.png -&gt; C:\Users\Tom&#225;s\Desktop\Proyecto Navaja Valirya\NavajaValirya\NavajaValiryaDocumentacion\Help\Working\Output\HtmlHelp1\icons\SectionCollapsed.png
C:\Program Files (x86)\EWSoftware\Sandcastle Help File Builder\PresentationStyles\VS2013\icons\SectionExpanded.png -&gt; C:\Users\Tom&#225;s\Desktop\Proyecto Navaja Valirya\NavajaValirya\NavajaValiryaDocumentacion\Help\Working\Output\HtmlHelp1\icons\SectionExpanded.png
C:\Program Files (x86)\EWSoftware\Sandcastle Help File Builder\PresentationStyles\VS2013\icons\slMobile.gif -&gt; C:\Users\Tom&#225;s\Desktop\Proyecto Navaja Valirya\NavajaValirya\NavajaValiryaDocumentacion\Help\Working\Output\HtmlHelp1\icons\slMobile.gif
C:\Program Files (x86)\EWSoftware\Sandcastle Help File Builder\PresentationStyles\VS2013\icons\static.gif -&gt; C:\Users\Tom&#225;s\Desktop\Proyecto Navaja Valirya\NavajaValirya\NavajaValiryaDocumentacion\Help\Working\Output\HtmlHelp1\icons\static.gif
C:\Program Files (x86)\EWSoftware\Sandcastle Help File Builder\PresentationStyles\VS2013\icons\xna.gif -&gt; C:\Users\Tom&#225;s\Desktop\Proyecto Navaja Valirya\NavajaValirya\NavajaValiryaDocumentacion\Help\Working\Output\HtmlHelp1\icons\xna.gif
C:\Program Files (x86)\EWSoftware\Sandcastle Help File Builder\PresentationStyles\VS2013\scripts\branding.js -&gt; C:\Users\Tom&#225;s\Desktop\Proyecto Navaja Valirya\NavajaValirya\NavajaValiryaDocumentacion\Help\Working\Output\HtmlHelp1\scripts\branding.js
C:\Program Files (x86)\EWSoftware\Sandcastle Help File Builder\PresentationStyles\VS2013\styles\branding-cs-CZ.css -&gt; C:\Users\Tom&#225;s\Desktop\Proyecto Navaja Valirya\NavajaValirya\NavajaValiryaDocumentacion\Help\Working\Output\HtmlHelp1\styles\branding-cs-CZ.css
C:\Program Files (x86)\EWSoftware\Sandcastle Help File Builder\PresentationStyles\VS2013\styles\branding-de-DE.css -&gt; C:\Users\Tom&#225;s\Desktop\Proyecto Navaja Valirya\NavajaValirya\NavajaValiryaDocumentacion\Help\Working\Output\HtmlHelp1\styles\branding-de-DE.css
C:\Program Files (x86)\EWSoftware\Sandcastle Help File Builder\PresentationStyles\VS2013\styles\branding-en-US.css -&gt; C:\Users\Tom&#225;s\Desktop\Proyecto Navaja Valirya\NavajaValirya\NavajaValiryaDocumentacion\Help\Working\Output\HtmlHelp1\styles\branding-en-US.css
C:\Program Files (x86)\EWSoftware\Sandcastle Help File Builder\PresentationStyles\VS2013\styles\branding-es-ES.css -&gt; C:\Users\Tom&#225;s\Desktop\Proyecto Navaja Valirya\NavajaValirya\NavajaValiryaDocumentacion\Help\Working\Output\HtmlHelp1\styles\branding-es-ES.css
C:\Program Files (x86)\EWSoftware\Sandcastle Help File Builder\PresentationStyles\VS2013\styles\branding-fr-FR.css -&gt; C:\Users\Tom&#225;s\Desktop\Proyecto Navaja Valirya\NavajaValirya\NavajaValiryaDocumentacion\Help\Working\Output\HtmlHelp1\styles\branding-fr-FR.css
C:\Program Files (x86)\EWSoftware\Sandcastle Help File Builder\PresentationStyles\VS2013\styles\branding-Help1.css -&gt; C:\Users\Tom&#225;s\Desktop\Proyecto Navaja Valirya\NavajaValirya\NavajaValiryaDocumentacion\Help\Working\Output\HtmlHelp1\styles\branding-Help1.css
C:\Program Files (x86)\EWSoftware\Sandcastle Help File Builder\PresentationStyles\VS2013\styles\branding-HelpViewer.css -&gt; C:\Users\Tom&#225;s\Desktop\Proyecto Navaja Valirya\NavajaValirya\NavajaValiryaDocumentacion\Help\Working\Output\HtmlHelp1\styles\branding-HelpViewer.css
C:\Program Files (x86)\EWSoftware\Sandcastle Help File Builder\PresentationStyles\VS2013\styles\branding-it-IT.css -&gt; C:\Users\Tom&#225;s\Desktop\Proyecto Navaja Valirya\NavajaValirya\NavajaValiryaDocumentacion\Help\Working\Output\HtmlHelp1\styles\branding-it-IT.css
C:\Program Files (x86)\EWSoftware\Sandcastle Help File Builder\PresentationStyles\VS2013\styles\branding-ja-JP.css -&gt; C:\Users\Tom&#225;s\Desktop\Proyecto Navaja Valirya\NavajaValirya\NavajaValiryaDocumentacion\Help\Working\Output\HtmlHelp1\styles\branding-ja-JP.css
C:\Program Files (x86)\EWSoftware\Sandcastle Help File Builder\PresentationStyles\VS2013\styles\branding-ko-KR.css -&gt; C:\Users\Tom&#225;s\Desktop\Proyecto Navaja Valirya\NavajaValirya\NavajaValiryaDocumentacion\Help\Working\Output\HtmlHelp1\styles\branding-ko-KR.css
C:\Program Files (x86)\EWSoftware\Sandcastle Help File Builder\PresentationStyles\VS2013\styles\branding-pl-PL.css -&gt; C:\Users\Tom&#225;s\Desktop\Proyecto Navaja Valirya\NavajaValirya\NavajaValiryaDocumentacion\Help\Working\Output\HtmlHelp1\styles\branding-pl-PL.css
C:\Program Files (x86)\EWSoftware\Sandcastle Help File Builder\PresentationStyles\VS2013\styles\branding-pt-BR.css -&gt; C:\Users\Tom&#225;s\Desktop\Proyecto Navaja Valirya\NavajaValirya\NavajaValiryaDocumentacion\Help\Working\Output\HtmlHelp1\styles\branding-pt-BR.css
C:\Program Files (x86)\EWSoftware\Sandcastle Help File Builder\PresentationStyles\VS2013\styles\branding-ru-RU.css -&gt; C:\Users\Tom&#225;s\Desktop\Proyecto Navaja Valirya\NavajaValirya\NavajaValiryaDocumentacion\Help\Working\Output\HtmlHelp1\styles\branding-ru-RU.css
C:\Program Files (x86)\EWSoftware\Sandcastle Help File Builder\PresentationStyles\VS2013\styles\branding-tr-TR.css -&gt; C:\Users\Tom&#225;s\Desktop\Proyecto Navaja Valirya\NavajaValirya\NavajaValiryaDocumentacion\Help\Working\Output\HtmlHelp1\styles\branding-tr-TR.css
C:\Program Files (x86)\EWSoftware\Sandcastle Help File Builder\PresentationStyles\VS2013\styles\branding-Website.css -&gt; C:\Users\Tom&#225;s\Desktop\Proyecto Navaja Valirya\NavajaValirya\NavajaValiryaDocumentacion\Help\Working\Output\HtmlHelp1\styles\branding-Website.css
C:\Program Files (x86)\EWSoftware\Sandcastle Help File Builder\PresentationStyles\VS2013\styles\branding-zh-CN.css -&gt; C:\Users\Tom&#225;s\Desktop\Proyecto Navaja Valirya\NavajaValirya\NavajaValiryaDocumentacion\Help\Working\Output\HtmlHelp1\styles\branding-zh-CN.css
C:\Program Files (x86)\EWSoftware\Sandcastle Help File Builder\PresentationStyles\VS2013\styles\branding-zh-TW.css -&gt; C:\Users\Tom&#225;s\Desktop\Proyecto Navaja Valirya\NavajaValirya\NavajaValiryaDocumentacion\Help\Working\Output\HtmlHelp1\styles\branding-zh-TW.css
C:\Program Files (x86)\EWSoftware\Sandcastle Help File Builder\PresentationStyles\VS2013\styles\branding.css -&gt; C:\Users\Tom&#225;s\Desktop\Proyecto Navaja Valirya\NavajaValirya\NavajaValiryaDocumentacion\Help\Working\Output\HtmlHelp1\styles\branding.css
    Last step completed in 00:00:01,9375
</buildStep>
<buildStep step="GenerateHelpFormatTableOfContents">
Generating HTML Help 1 table of contents file...
    Last step completed in 00:00:00,0156
</buildStep>
<buildStep step="GenerateHelpFileIndex">
Generating HTML Help 1 index file...
    Last step completed in 00:00:00,0000
</buildStep>
<buildStep step="GenerateHelpProject">
Generating HTML Help 1 project file...
    Last step completed in 00:00:00,0156
</buildStep>
<buildStep step="CompilingHelpFile">
Compiling HTML Help 1 file...
[C:\Program Files (x86)\MSBuild\14.0\bin\MSBuild.exe - Build1xHelpFile.proj]
  Microsoft HTML Help Compiler 4.74.8702
  
  
  
  Compiling c:\Users\Tom&#225;s\Desktop\Proyecto Navaja Valirya\NavajaValirya\NavajaValiryaDocumentacion\Help\Working\Output\HtmlHelp1\NavajaValiryaDocumentacion.chm
  
  
  
  
  
  Compile time: 0 minutes, 1 second
  
  49	Topics
  
  430	Local links
  
  78	Internet links
  
  0	Graphics
  
  
  
  
  
  Created c:\Users\Tom&#225;s\Desktop\Proyecto Navaja Valirya\NavajaValirya\NavajaValiryaDocumentacion\Help\Working\Output\HtmlHelp1\NavajaValiryaDocumentacion.chm, 112,236 bytes
  
  Compression decreased file by 336,450 bytes.
  
    Last step completed in 00:00:03,0625
</buildStep>
<buildStep step="CleanIntermediates">
Removing intermediate files...
    Last step completed in 00:00:00,1875
</buildStep>
<buildStep step="Completed">

Build completed successfully at 07/03/2017 9:38:48.  Total time: 00:00:50,1707

</buildStep>
</shfbBuild>
